<?xml version="1.0" encoding="UTF-8"?>
<!-- Generated by org.testng.reporters.JUnitReportReporter -->
<testsuite hostname="MSI" failures="0" tests="1" name="cucumberOptions.TestNGRunner" time="51.079" errors="0" timestamp="2023-10-29T14:06:52 IST" skipped="0">
  <testcase classname="cucumberOptions.TestNGRunner" name="runScenario" time="51.079"/>
</testsuite> <!-- cucumberOptions.TestNGRunner -->
